<?xml version="1.0" encoding="UTF-8"?>
<!-- Generated by org.testng.reporters.JUnitXMLReporter -->
<testsuite ignored="0" hostname="Hallelujah" failures="0" tests="19" name="Command line test" time="12.13" errors="0" timestamp="26 10月 2018 06:55:32 GMT">
  <testcase classname="springrest.api.controller.EventControllerTest" name="addAttendee" time="0.871"/>
  <testcase classname="springrest.api.controller.EventControllerTest" name="approveEvent" time="0.048"/>
  <testcase classname="springrest.api.controller.EventControllerTest" name="createEvent" time="0.08"/>
  <testcase classname="springrest.api.controller.EventControllerTest" name="getAttendees" time="0.031"/>
  <testcase classname="springrest.api.controller.EventControllerTest" name="getEvent" time="0.021"/>
  <testcase classname="springrest.api.controller.EventControllerTest" name="getEvents" time="0.421"/>
  <testcase classname="springrest.api.controller.EventControllerTest" name="getEvents2" time="0.059"/>
  <testcase classname="springrest.api.controller.EventControllerTest" name="rejectEvent" time="0.024"/>
  <testcase classname="springrest.api.controller.ProgramControllerTest" name="createProgram" time="0.013"/>
  <testcase classname="springrest.api.controller.ProgramControllerTest" name="deleteProgram" time="0.013"/>
  <testcase classname="springrest.api.controller.ProgramControllerTest" name="getProgram" time="0.009"/>
  <testcase classname="springrest.api.controller.ProgramControllerTest" name="getPrograms" time="0.015"/>
  <testcase classname="springrest.api.controller.ProgramControllerTest" name="getPrograms2" time="0.009"/>
  <testcase classname="springrest.api.controller.ProgramControllerTest" name="updateProgram" time="0.009"/>
  <testcase classname="springrest.api.controller.UserControllerTest" name="createUserFail" time="0.044"/>
  <testcase classname="springrest.api.controller.UserControllerTest" name="createUserPass" time="0.019"/>
  <testcase classname="springrest.api.controller.UserControllerTest" name="getUser" time="0.014"/>
  <testcase classname="springrest.api.controller.UserControllerTest" name="getUsers" time="0.032"/>
  <testcase classname="springrest.api.controller.UserControllerTest" name="getUsers2" time="0.022"/>
</testsuite> <!-- Command line test -->
