<?xml version="1.0" encoding="UTF-8"?>
<testng-results ignored="0" total="19" passed="19" failed="0" skipped="0">
  <reporter-output>
  </reporter-output>
  <suite started-at="2018-10-26T06:55:20Z" name="Command line suite" finished-at="2018-10-26T06:55:32Z" duration-ms="12130">
    <groups>
    </groups>
    <test started-at="2018-10-26T06:55:20Z" name="Command line test" finished-at="2018-10-26T06:55:32Z" duration-ms="12130">
      <class name="springrest.api.controller.ProgramControllerTest">
        <test-method is-config="true" signature="springTestContextBeforeTestClass()[pri:0, instance:springrest.api.controller.ProgramControllerTest@4e28bdd1]" started-at="2018-10-26T06:55:32Z" name="springTestContextBeforeTestClass" finished-at="2018-10-26T06:55:32Z" duration-ms="0" status="PASS">
          <reporter-output>
          </reporter-output>
        </test-method> <!-- springTestContextBeforeTestClass -->
        <test-method is-config="true" signature="springTestContextPrepareTestInstance()[pri:0, instance:springrest.api.controller.ProgramControllerTest@4e28bdd1]" started-at="2018-10-26T06:55:32Z" name="springTestContextPrepareTestInstance" finished-at="2018-10-26T06:55:32Z" depends-on-methods="org.springframework.test.context.testng.AbstractTestNGSpringContextTests.springTestContextBeforeTestClass" duration-ms="7" status="PASS">
          <reporter-output>
          </reporter-output>
        </test-method> <!-- springTestContextPrepareTestInstance -->
        <test-method is-config="true" signature="setup()[pri:0, instance:springrest.api.controller.ProgramControllerTest@4e28bdd1]" started-at="2018-10-26T06:55:32Z" name="setup" finished-at="2018-10-26T06:55:32Z" duration-ms="4" status="PASS">
          <reporter-output>
          </reporter-output>
        </test-method> <!-- setup -->
        <test-method is-config="true" signature="springTestContextBeforeTestMethod(java.lang.reflect.Method)[pri:0, instance:springrest.api.controller.ProgramControllerTest@4e28bdd1]" started-at="2018-10-26T06:55:32Z" name="springTestContextBeforeTestMethod" finished-at="2018-10-26T06:55:32Z" duration-ms="7" status="PASS">
          <params>
            <param index="0">
              <value>
                <![CDATA[void springrest.api.controller.ProgramControllerTest.createProgram() throws java.lang.Exception]]>
              </value>
            </param>
          </params>
          <reporter-output>
          </reporter-output>
        </test-method> <!-- springTestContextBeforeTestMethod -->
        <test-method signature="createProgram()[pri:0, instance:springrest.api.controller.ProgramControllerTest@4e28bdd1]" started-at="2018-10-26T06:55:32Z" name="createProgram" finished-at="2018-10-26T06:55:32Z" duration-ms="13" status="PASS">
          <reporter-output>
          </reporter-output>
        </test-method> <!-- createProgram -->
        <test-method is-config="true" signature="springTestContextAfterTestMethod(java.lang.reflect.Method)[pri:0, instance:springrest.api.controller.ProgramControllerTest@4e28bdd1]" started-at="2018-10-26T06:55:32Z" name="springTestContextAfterTestMethod" finished-at="2018-10-26T06:55:32Z" duration-ms="14" status="PASS">
          <params>
            <param index="0">
              <value>
                <![CDATA[void springrest.api.controller.ProgramControllerTest.createProgram() throws java.lang.Exception]]>
              </value>
            </param>
          </params>
          <reporter-output>
          </reporter-output>
        </test-method> <!-- springTestContextAfterTestMethod -->
        <test-method is-config="true" signature="springTestContextBeforeTestMethod(java.lang.reflect.Method)[pri:0, instance:springrest.api.controller.ProgramControllerTest@4e28bdd1]" started-at="2018-10-26T06:55:32Z" name="springTestContextBeforeTestMethod" finished-at="2018-10-26T06:55:32Z" duration-ms="4" status="PASS">
          <params>
            <param index="0">
              <value>
                <![CDATA[void springrest.api.controller.ProgramControllerTest.deleteProgram() throws java.lang.Exception]]>
              </value>
            </param>
          </params>
          <reporter-output>
          </reporter-output>
        </test-method> <!-- springTestContextBeforeTestMethod -->
        <test-method signature="deleteProgram()[pri:0, instance:springrest.api.controller.ProgramControllerTest@4e28bdd1]" started-at="2018-10-26T06:55:32Z" name="deleteProgram" finished-at="2018-10-26T06:55:32Z" duration-ms="13" status="PASS">
          <reporter-output>
          </reporter-output>
        </test-method> <!-- deleteProgram -->
        <test-method is-config="true" signature="springTestContextAfterTestMethod(java.lang.reflect.Method)[pri:0, instance:springrest.api.controller.ProgramControllerTest@4e28bdd1]" started-at="2018-10-26T06:55:32Z" name="springTestContextAfterTestMethod" finished-at="2018-10-26T06:55:32Z" duration-ms="16" status="PASS">
          <params>
            <param index="0">
              <value>
                <![CDATA[void springrest.api.controller.ProgramControllerTest.deleteProgram() throws java.lang.Exception]]>
              </value>
            </param>
          </params>
          <reporter-output>
          </reporter-output>
        </test-method> <!-- springTestContextAfterTestMethod -->
        <test-method is-config="true" signature="springTestContextBeforeTestMethod(java.lang.reflect.Method)[pri:0, instance:springrest.api.controller.ProgramControllerTest@4e28bdd1]" started-at="2018-10-26T06:55:32Z" name="springTestContextBeforeTestMethod" finished-at="2018-10-26T06:55:32Z" duration-ms="4" status="PASS">
          <params>
            <param index="0">
              <value>
                <![CDATA[void springrest.api.controller.ProgramControllerTest.getProgram() throws java.lang.Exception]]>
              </value>
            </param>
          </params>
          <reporter-output>
          </reporter-output>
        </test-method> <!-- springTestContextBeforeTestMethod -->
        <test-method signature="getProgram()[pri:0, instance:springrest.api.controller.ProgramControllerTest@4e28bdd1]" started-at="2018-10-26T06:55:32Z" name="getProgram" finished-at="2018-10-26T06:55:32Z" duration-ms="9" status="PASS">
          <reporter-output>
          </reporter-output>
        </test-method> <!-- getProgram -->
        <test-method is-config="true" signature="springTestContextAfterTestMethod(java.lang.reflect.Method)[pri:0, instance:springrest.api.controller.ProgramControllerTest@4e28bdd1]" started-at="2018-10-26T06:55:32Z" name="springTestContextAfterTestMethod" finished-at="2018-10-26T06:55:32Z" duration-ms="3" status="PASS">
          <params>
            <param index="0">
              <value>
                <![CDATA[void springrest.api.controller.ProgramControllerTest.getProgram() throws java.lang.Exception]]>
              </value>
            </param>
          </params>
          <reporter-output>
          </reporter-output>
        </test-method> <!-- springTestContextAfterTestMethod -->
        <test-method is-config="true" signature="springTestContextBeforeTestMethod(java.lang.reflect.Method)[pri:0, instance:springrest.api.controller.ProgramControllerTest@4e28bdd1]" started-at="2018-10-26T06:55:32Z" name="springTestContextBeforeTestMethod" finished-at="2018-10-26T06:55:32Z" duration-ms="5" status="PASS">
          <params>
            <param index="0">
              <value>
                <![CDATA[void springrest.api.controller.ProgramControllerTest.getPrograms() throws java.lang.Exception]]>
              </value>
            </param>
          </params>
          <reporter-output>
          </reporter-output>
        </test-method> <!-- springTestContextBeforeTestMethod -->
        <test-method signature="getPrograms()[pri:0, instance:springrest.api.controller.ProgramControllerTest@4e28bdd1]" started-at="2018-10-26T06:55:32Z" name="getPrograms" finished-at="2018-10-26T06:55:32Z" duration-ms="15" status="PASS">
          <reporter-output>
          </reporter-output>
        </test-method> <!-- getPrograms -->
        <test-method is-config="true" signature="springTestContextAfterTestMethod(java.lang.reflect.Method)[pri:0, instance:springrest.api.controller.ProgramControllerTest@4e28bdd1]" started-at="2018-10-26T06:55:32Z" name="springTestContextAfterTestMethod" finished-at="2018-10-26T06:55:32Z" duration-ms="2" status="PASS">
          <params>
            <param index="0">
              <value>
                <![CDATA[void springrest.api.controller.ProgramControllerTest.getPrograms() throws java.lang.Exception]]>
              </value>
            </param>
          </params>
          <reporter-output>
          </reporter-output>
        </test-method> <!-- springTestContextAfterTestMethod -->
        <test-method is-config="true" signature="springTestContextBeforeTestMethod(java.lang.reflect.Method)[pri:0, instance:springrest.api.controller.ProgramControllerTest@4e28bdd1]" started-at="2018-10-26T06:55:32Z" name="springTestContextBeforeTestMethod" finished-at="2018-10-26T06:55:32Z" duration-ms="5" status="PASS">
          <params>
            <param index="0">
              <value>
                <![CDATA[void springrest.api.controller.ProgramControllerTest.getPrograms2() throws java.lang.Exception]]>
              </value>
            </param>
          </params>
          <reporter-output>
          </reporter-output>
        </test-method> <!-- springTestContextBeforeTestMethod -->
        <test-method signature="getPrograms2()[pri:0, instance:springrest.api.controller.ProgramControllerTest@4e28bdd1]" started-at="2018-10-26T06:55:32Z" name="getPrograms2" finished-at="2018-10-26T06:55:32Z" duration-ms="9" status="PASS">
          <reporter-output>
          </reporter-output>
        </test-method> <!-- getPrograms2 -->
        <test-method is-config="true" signature="springTestContextAfterTestMethod(java.lang.reflect.Method)[pri:0, instance:springrest.api.controller.ProgramControllerTest@4e28bdd1]" started-at="2018-10-26T06:55:32Z" name="springTestContextAfterTestMethod" finished-at="2018-10-26T06:55:32Z" duration-ms="3" status="PASS">
          <params>
            <param index="0">
              <value>
                <![CDATA[void springrest.api.controller.ProgramControllerTest.getPrograms2() throws java.lang.Exception]]>
              </value>
            </param>
          </params>
          <reporter-output>
          </reporter-output>
        </test-method> <!-- springTestContextAfterTestMethod -->
        <test-method is-config="true" signature="springTestContextBeforeTestMethod(java.lang.reflect.Method)[pri:0, instance:springrest.api.controller.ProgramControllerTest@4e28bdd1]" started-at="2018-10-26T06:55:32Z" name="springTestContextBeforeTestMethod" finished-at="2018-10-26T06:55:32Z" duration-ms="4" status="PASS">
          <params>
            <param index="0">
              <value>
                <![CDATA[void springrest.api.controller.ProgramControllerTest.updateProgram() throws java.lang.Exception]]>
              </value>
            </param>
          </params>
          <reporter-output>
          </reporter-output>
        </test-method> <!-- springTestContextBeforeTestMethod -->
        <test-method signature="updateProgram()[pri:0, instance:springrest.api.controller.ProgramControllerTest@4e28bdd1]" started-at="2018-10-26T06:55:32Z" name="updateProgram" finished-at="2018-10-26T06:55:32Z" duration-ms="9" status="PASS">
          <reporter-output>
          </reporter-output>
        </test-method> <!-- updateProgram -->
        <test-method is-config="true" signature="springTestContextAfterTestMethod(java.lang.reflect.Method)[pri:0, instance:springrest.api.controller.ProgramControllerTest@4e28bdd1]" started-at="2018-10-26T06:55:32Z" name="springTestContextAfterTestMethod" finished-at="2018-10-26T06:55:32Z" duration-ms="10" status="PASS">
          <params>
            <param index="0">
              <value>
                <![CDATA[void springrest.api.controller.ProgramControllerTest.updateProgram() throws java.lang.Exception]]>
              </value>
            </param>
          </params>
          <reporter-output>
          </reporter-output>
        </test-method> <!-- springTestContextAfterTestMethod -->
        <test-method is-config="true" signature="springTestContextAfterTestClass()[pri:0, instance:springrest.api.controller.ProgramControllerTest@4e28bdd1]" started-at="2018-10-26T06:55:32Z" name="springTestContextAfterTestClass" finished-at="2018-10-26T06:55:32Z" duration-ms="1" status="PASS">
          <reporter-output>
          </reporter-output>
        </test-method> <!-- springTestContextAfterTestClass -->
      </class> <!-- springrest.api.controller.ProgramControllerTest -->
      <class name="springrest.api.controller.EventControllerTest">
        <test-method is-config="true" signature="springTestContextBeforeTestClass()[pri:0, instance:springrest.api.controller.EventControllerTest@4f2c9ba6]" started-at="2018-10-26T06:55:20Z" name="springTestContextBeforeTestClass" finished-at="2018-10-26T06:55:20Z" duration-ms="30" status="PASS">
          <reporter-output>
          </reporter-output>
        </test-method> <!-- springTestContextBeforeTestClass -->
        <test-method is-config="true" signature="springTestContextPrepareTestInstance()[pri:0, instance:springrest.api.controller.EventControllerTest@4f2c9ba6]" started-at="2018-10-26T06:55:20Z" name="springTestContextPrepareTestInstance" finished-at="2018-10-26T06:55:29Z" depends-on-methods="org.springframework.test.context.testng.AbstractTestNGSpringContextTests.springTestContextBeforeTestClass" duration-ms="9558" status="PASS">
          <reporter-output>
          </reporter-output>
        </test-method> <!-- springTestContextPrepareTestInstance -->
        <test-method is-config="true" signature="setup()[pri:0, instance:springrest.api.controller.EventControllerTest@4f2c9ba6]" started-at="2018-10-26T06:55:29Z" name="setup" finished-at="2018-10-26T06:55:30Z" duration-ms="154" status="PASS">
          <reporter-output>
          </reporter-output>
        </test-method> <!-- setup -->
        <test-method is-config="true" signature="springTestContextBeforeTestMethod(java.lang.reflect.Method)[pri:0, instance:springrest.api.controller.EventControllerTest@4f2c9ba6]" started-at="2018-10-26T06:55:30Z" name="springTestContextBeforeTestMethod" finished-at="2018-10-26T06:55:30Z" duration-ms="265" status="PASS">
          <params>
            <param index="0">
              <value>
                <![CDATA[void springrest.api.controller.EventControllerTest.addAttendee() throws java.lang.Exception]]>
              </value>
            </param>
          </params>
          <reporter-output>
          </reporter-output>
        </test-method> <!-- springTestContextBeforeTestMethod -->
        <test-method signature="addAttendee()[pri:0, instance:springrest.api.controller.EventControllerTest@4f2c9ba6]" started-at="2018-10-26T06:55:30Z" name="addAttendee" finished-at="2018-10-26T06:55:31Z" duration-ms="871" status="PASS">
          <reporter-output>
          </reporter-output>
        </test-method> <!-- addAttendee -->
        <test-method is-config="true" signature="springTestContextAfterTestMethod(java.lang.reflect.Method)[pri:0, instance:springrest.api.controller.EventControllerTest@4f2c9ba6]" started-at="2018-10-26T06:55:31Z" name="springTestContextAfterTestMethod" finished-at="2018-10-26T06:55:31Z" duration-ms="59" status="PASS">
          <params>
            <param index="0">
              <value>
                <![CDATA[void springrest.api.controller.EventControllerTest.addAttendee() throws java.lang.Exception]]>
              </value>
            </param>
          </params>
          <reporter-output>
          </reporter-output>
        </test-method> <!-- springTestContextAfterTestMethod -->
        <test-method is-config="true" signature="springTestContextBeforeTestMethod(java.lang.reflect.Method)[pri:0, instance:springrest.api.controller.EventControllerTest@4f2c9ba6]" started-at="2018-10-26T06:55:31Z" name="springTestContextBeforeTestMethod" finished-at="2018-10-26T06:55:31Z" duration-ms="4" status="PASS">
          <params>
            <param index="0">
              <value>
                <![CDATA[void springrest.api.controller.EventControllerTest.approveEvent() throws java.lang.Exception]]>
              </value>
            </param>
          </params>
          <reporter-output>
          </reporter-output>
        </test-method> <!-- springTestContextBeforeTestMethod -->
        <test-method signature="approveEvent()[pri:0, instance:springrest.api.controller.EventControllerTest@4f2c9ba6]" started-at="2018-10-26T06:55:31Z" name="approveEvent" finished-at="2018-10-26T06:55:31Z" duration-ms="48" status="PASS">
          <reporter-output>
          </reporter-output>
        </test-method> <!-- approveEvent -->
        <test-method is-config="true" signature="springTestContextAfterTestMethod(java.lang.reflect.Method)[pri:0, instance:springrest.api.controller.EventControllerTest@4f2c9ba6]" started-at="2018-10-26T06:55:31Z" name="springTestContextAfterTestMethod" finished-at="2018-10-26T06:55:31Z" duration-ms="6" status="PASS">
          <params>
            <param index="0">
              <value>
                <![CDATA[void springrest.api.controller.EventControllerTest.approveEvent() throws java.lang.Exception]]>
              </value>
            </param>
          </params>
          <reporter-output>
          </reporter-output>
        </test-method> <!-- springTestContextAfterTestMethod -->
        <test-method is-config="true" signature="springTestContextBeforeTestMethod(java.lang.reflect.Method)[pri:0, instance:springrest.api.controller.EventControllerTest@4f2c9ba6]" started-at="2018-10-26T06:55:31Z" name="springTestContextBeforeTestMethod" finished-at="2018-10-26T06:55:31Z" duration-ms="4" status="PASS">
          <params>
            <param index="0">
              <value>
                <![CDATA[void springrest.api.controller.EventControllerTest.createEvent() throws java.lang.Exception]]>
              </value>
            </param>
          </params>
          <reporter-output>
          </reporter-output>
        </test-method> <!-- springTestContextBeforeTestMethod -->
        <test-method signature="createEvent()[pri:0, instance:springrest.api.controller.EventControllerTest@4f2c9ba6]" started-at="2018-10-26T06:55:31Z" name="createEvent" finished-at="2018-10-26T06:55:31Z" duration-ms="80" status="PASS">
          <reporter-output>
          </reporter-output>
        </test-method> <!-- createEvent -->
        <test-method is-config="true" signature="springTestContextAfterTestMethod(java.lang.reflect.Method)[pri:0, instance:springrest.api.controller.EventControllerTest@4f2c9ba6]" started-at="2018-10-26T06:55:31Z" name="springTestContextAfterTestMethod" finished-at="2018-10-26T06:55:31Z" duration-ms="15" status="PASS">
          <params>
            <param index="0">
              <value>
                <![CDATA[void springrest.api.controller.EventControllerTest.createEvent() throws java.lang.Exception]]>
              </value>
            </param>
          </params>
          <reporter-output>
          </reporter-output>
        </test-method> <!-- springTestContextAfterTestMethod -->
        <test-method is-config="true" signature="springTestContextBeforeTestMethod(java.lang.reflect.Method)[pri:0, instance:springrest.api.controller.EventControllerTest@4f2c9ba6]" started-at="2018-10-26T06:55:31Z" name="springTestContextBeforeTestMethod" finished-at="2018-10-26T06:55:31Z" duration-ms="5" status="PASS">
          <params>
            <param index="0">
              <value>
                <![CDATA[void springrest.api.controller.EventControllerTest.getAttendees() throws java.lang.Exception]]>
              </value>
            </param>
          </params>
          <reporter-output>
          </reporter-output>
        </test-method> <!-- springTestContextBeforeTestMethod -->
        <test-method signature="getAttendees()[pri:0, instance:springrest.api.controller.EventControllerTest@4f2c9ba6]" started-at="2018-10-26T06:55:31Z" name="getAttendees" finished-at="2018-10-26T06:55:31Z" duration-ms="31" status="PASS">
          <reporter-output>
          </reporter-output>
        </test-method> <!-- getAttendees -->
        <test-method is-config="true" signature="springTestContextAfterTestMethod(java.lang.reflect.Method)[pri:0, instance:springrest.api.controller.EventControllerTest@4f2c9ba6]" started-at="2018-10-26T06:55:31Z" name="springTestContextAfterTestMethod" finished-at="2018-10-26T06:55:31Z" duration-ms="6" status="PASS">
          <params>
            <param index="0">
              <value>
                <![CDATA[void springrest.api.controller.EventControllerTest.getAttendees() throws java.lang.Exception]]>
              </value>
            </param>
          </params>
          <reporter-output>
          </reporter-output>
        </test-method> <!-- springTestContextAfterTestMethod -->
        <test-method is-config="true" signature="springTestContextBeforeTestMethod(java.lang.reflect.Method)[pri:0, instance:springrest.api.controller.EventControllerTest@4f2c9ba6]" started-at="2018-10-26T06:55:31Z" name="springTestContextBeforeTestMethod" finished-at="2018-10-26T06:55:31Z" duration-ms="5" status="PASS">
          <params>
            <param index="0">
              <value>
                <![CDATA[void springrest.api.controller.EventControllerTest.getEvent() throws java.lang.Exception]]>
              </value>
            </param>
          </params>
          <reporter-output>
          </reporter-output>
        </test-method> <!-- springTestContextBeforeTestMethod -->
        <test-method signature="getEvent()[pri:0, instance:springrest.api.controller.EventControllerTest@4f2c9ba6]" started-at="2018-10-26T06:55:31Z" name="getEvent" finished-at="2018-10-26T06:55:31Z" duration-ms="21" status="PASS">
          <reporter-output>
          </reporter-output>
        </test-method> <!-- getEvent -->
        <test-method is-config="true" signature="springTestContextAfterTestMethod(java.lang.reflect.Method)[pri:0, instance:springrest.api.controller.EventControllerTest@4f2c9ba6]" started-at="2018-10-26T06:55:31Z" name="springTestContextAfterTestMethod" finished-at="2018-10-26T06:55:31Z" duration-ms="3" status="PASS">
          <params>
            <param index="0">
              <value>
                <![CDATA[void springrest.api.controller.EventControllerTest.getEvent() throws java.lang.Exception]]>
              </value>
            </param>
          </params>
          <reporter-output>
          </reporter-output>
        </test-method> <!-- springTestContextAfterTestMethod -->
        <test-method is-config="true" signature="springTestContextBeforeTestMethod(java.lang.reflect.Method)[pri:0, instance:springrest.api.controller.EventControllerTest@4f2c9ba6]" started-at="2018-10-26T06:55:31Z" name="springTestContextBeforeTestMethod" finished-at="2018-10-26T06:55:31Z" duration-ms="5" status="PASS">
          <params>
            <param index="0">
              <value>
                <![CDATA[void springrest.api.controller.EventControllerTest.getEvents() throws java.lang.Exception]]>
              </value>
            </param>
          </params>
          <reporter-output>
          </reporter-output>
        </test-method> <!-- springTestContextBeforeTestMethod -->
        <test-method signature="getEvents()[pri:0, instance:springrest.api.controller.EventControllerTest@4f2c9ba6]" started-at="2018-10-26T06:55:31Z" name="getEvents" finished-at="2018-10-26T06:55:31Z" duration-ms="421" status="PASS">
          <reporter-output>
          </reporter-output>
        </test-method> <!-- getEvents -->
        <test-method is-config="true" signature="springTestContextAfterTestMethod(java.lang.reflect.Method)[pri:0, instance:springrest.api.controller.EventControllerTest@4f2c9ba6]" started-at="2018-10-26T06:55:31Z" name="springTestContextAfterTestMethod" finished-at="2018-10-26T06:55:31Z" duration-ms="3" status="PASS">
          <params>
            <param index="0">
              <value>
                <![CDATA[void springrest.api.controller.EventControllerTest.getEvents() throws java.lang.Exception]]>
              </value>
            </param>
          </params>
          <reporter-output>
          </reporter-output>
        </test-method> <!-- springTestContextAfterTestMethod -->
        <test-method is-config="true" signature="springTestContextBeforeTestMethod(java.lang.reflect.Method)[pri:0, instance:springrest.api.controller.EventControllerTest@4f2c9ba6]" started-at="2018-10-26T06:55:31Z" name="springTestContextBeforeTestMethod" finished-at="2018-10-26T06:55:31Z" duration-ms="4" status="PASS">
          <params>
            <param index="0">
              <value>
                <![CDATA[void springrest.api.controller.EventControllerTest.getEvents2() throws java.lang.Exception]]>
              </value>
            </param>
          </params>
          <reporter-output>
          </reporter-output>
        </test-method> <!-- springTestContextBeforeTestMethod -->
        <test-method signature="getEvents2()[pri:0, instance:springrest.api.controller.EventControllerTest@4f2c9ba6]" started-at="2018-10-26T06:55:31Z" name="getEvents2" finished-at="2018-10-26T06:55:32Z" duration-ms="59" status="PASS">
          <reporter-output>
          </reporter-output>
        </test-method> <!-- getEvents2 -->
        <test-method is-config="true" signature="springTestContextAfterTestMethod(java.lang.reflect.Method)[pri:0, instance:springrest.api.controller.EventControllerTest@4f2c9ba6]" started-at="2018-10-26T06:55:32Z" name="springTestContextAfterTestMethod" finished-at="2018-10-26T06:55:32Z" duration-ms="4" status="PASS">
          <params>
            <param index="0">
              <value>
                <![CDATA[void springrest.api.controller.EventControllerTest.getEvents2() throws java.lang.Exception]]>
              </value>
            </param>
          </params>
          <reporter-output>
          </reporter-output>
        </test-method> <!-- springTestContextAfterTestMethod -->
        <test-method is-config="true" signature="springTestContextBeforeTestMethod(java.lang.reflect.Method)[pri:0, instance:springrest.api.controller.EventControllerTest@4f2c9ba6]" started-at="2018-10-26T06:55:32Z" name="springTestContextBeforeTestMethod" finished-at="2018-10-26T06:55:32Z" duration-ms="4" status="PASS">
          <params>
            <param index="0">
              <value>
                <![CDATA[void springrest.api.controller.EventControllerTest.rejectEvent() throws java.lang.Exception]]>
              </value>
            </param>
          </params>
          <reporter-output>
          </reporter-output>
        </test-method> <!-- springTestContextBeforeTestMethod -->
        <test-method signature="rejectEvent()[pri:0, instance:springrest.api.controller.EventControllerTest@4f2c9ba6]" started-at="2018-10-26T06:55:32Z" name="rejectEvent" finished-at="2018-10-26T06:55:32Z" duration-ms="24" status="PASS">
          <reporter-output>
          </reporter-output>
        </test-method> <!-- rejectEvent -->
        <test-method is-config="true" signature="springTestContextAfterTestMethod(java.lang.reflect.Method)[pri:0, instance:springrest.api.controller.EventControllerTest@4f2c9ba6]" started-at="2018-10-26T06:55:32Z" name="springTestContextAfterTestMethod" finished-at="2018-10-26T06:55:32Z" duration-ms="20" status="PASS">
          <params>
            <param index="0">
              <value>
                <![CDATA[void springrest.api.controller.EventControllerTest.rejectEvent() throws java.lang.Exception]]>
              </value>
            </param>
          </params>
          <reporter-output>
          </reporter-output>
        </test-method> <!-- springTestContextAfterTestMethod -->
        <test-method is-config="true" signature="springTestContextAfterTestClass()[pri:0, instance:springrest.api.controller.EventControllerTest@4f2c9ba6]" started-at="2018-10-26T06:55:32Z" name="springTestContextAfterTestClass" finished-at="2018-10-26T06:55:32Z" duration-ms="1" status="PASS">
          <reporter-output>
          </reporter-output>
        </test-method> <!-- springTestContextAfterTestClass -->
      </class> <!-- springrest.api.controller.EventControllerTest -->
      <class name="springrest.api.controller.UserControllerTest">
        <test-method is-config="true" signature="springTestContextPrepareTestInstance()[pri:0, instance:springrest.api.controller.UserControllerTest@53f48368]" started-at="2018-10-26T06:55:32Z" name="springTestContextPrepareTestInstance" finished-at="2018-10-26T06:55:32Z" depends-on-methods="org.springframework.test.context.testng.AbstractTestNGSpringContextTests.springTestContextBeforeTestClass" duration-ms="6" status="PASS">
          <reporter-output>
          </reporter-output>
        </test-method> <!-- springTestContextPrepareTestInstance -->
        <test-method is-config="true" signature="springTestContextBeforeTestClass()[pri:0, instance:springrest.api.controller.UserControllerTest@53f48368]" started-at="2018-10-26T06:55:32Z" name="springTestContextBeforeTestClass" finished-at="2018-10-26T06:55:32Z" duration-ms="0" status="PASS">
          <reporter-output>
          </reporter-output>
        </test-method> <!-- springTestContextBeforeTestClass -->
        <test-method is-config="true" signature="setup()[pri:0, instance:springrest.api.controller.UserControllerTest@53f48368]" started-at="2018-10-26T06:55:32Z" name="setup" finished-at="2018-10-26T06:55:32Z" duration-ms="3" status="PASS">
          <reporter-output>
          </reporter-output>
        </test-method> <!-- setup -->
        <test-method is-config="true" signature="springTestContextBeforeTestMethod(java.lang.reflect.Method)[pri:0, instance:springrest.api.controller.UserControllerTest@53f48368]" started-at="2018-10-26T06:55:32Z" name="springTestContextBeforeTestMethod" finished-at="2018-10-26T06:55:32Z" duration-ms="2" status="PASS">
          <params>
            <param index="0">
              <value>
                <![CDATA[void springrest.api.controller.UserControllerTest.createUserFail() throws java.lang.Exception]]>
              </value>
            </param>
          </params>
          <reporter-output>
          </reporter-output>
        </test-method> <!-- springTestContextBeforeTestMethod -->
        <test-method signature="createUserFail()[pri:0, instance:springrest.api.controller.UserControllerTest@53f48368]" started-at="2018-10-26T06:55:32Z" name="createUserFail" finished-at="2018-10-26T06:55:32Z" duration-ms="44" status="PASS">
          <reporter-output>
          </reporter-output>
        </test-method> <!-- createUserFail -->
        <test-method is-config="true" signature="springTestContextAfterTestMethod(java.lang.reflect.Method)[pri:0, instance:springrest.api.controller.UserControllerTest@53f48368]" started-at="2018-10-26T06:55:32Z" name="springTestContextAfterTestMethod" finished-at="2018-10-26T06:55:32Z" duration-ms="3" status="PASS">
          <params>
            <param index="0">
              <value>
                <![CDATA[void springrest.api.controller.UserControllerTest.createUserFail() throws java.lang.Exception]]>
              </value>
            </param>
          </params>
          <reporter-output>
          </reporter-output>
        </test-method> <!-- springTestContextAfterTestMethod -->
        <test-method is-config="true" signature="springTestContextBeforeTestMethod(java.lang.reflect.Method)[pri:0, instance:springrest.api.controller.UserControllerTest@53f48368]" started-at="2018-10-26T06:55:32Z" name="springTestContextBeforeTestMethod" finished-at="2018-10-26T06:55:32Z" duration-ms="6" status="PASS">
          <params>
            <param index="0">
              <value>
                <![CDATA[void springrest.api.controller.UserControllerTest.createUserPass() throws java.lang.Exception]]>
              </value>
            </param>
          </params>
          <reporter-output>
          </reporter-output>
        </test-method> <!-- springTestContextBeforeTestMethod -->
        <test-method signature="createUserPass()[pri:0, instance:springrest.api.controller.UserControllerTest@53f48368]" started-at="2018-10-26T06:55:32Z" name="createUserPass" finished-at="2018-10-26T06:55:32Z" duration-ms="19" status="PASS">
          <reporter-output>
          </reporter-output>
        </test-method> <!-- createUserPass -->
        <test-method is-config="true" signature="springTestContextAfterTestMethod(java.lang.reflect.Method)[pri:0, instance:springrest.api.controller.UserControllerTest@53f48368]" started-at="2018-10-26T06:55:32Z" name="springTestContextAfterTestMethod" finished-at="2018-10-26T06:55:32Z" duration-ms="13" status="PASS">
          <params>
            <param index="0">
              <value>
                <![CDATA[void springrest.api.controller.UserControllerTest.createUserPass() throws java.lang.Exception]]>
              </value>
            </param>
          </params>
          <reporter-output>
          </reporter-output>
        </test-method> <!-- springTestContextAfterTestMethod -->
        <test-method is-config="true" signature="springTestContextBeforeTestMethod(java.lang.reflect.Method)[pri:0, instance:springrest.api.controller.UserControllerTest@53f48368]" started-at="2018-10-26T06:55:32Z" name="springTestContextBeforeTestMethod" finished-at="2018-10-26T06:55:32Z" duration-ms="4" status="PASS">
          <params>
            <param index="0">
              <value>
                <![CDATA[void springrest.api.controller.UserControllerTest.getUser() throws java.lang.Exception]]>
              </value>
            </param>
          </params>
          <reporter-output>
          </reporter-output>
        </test-method> <!-- springTestContextBeforeTestMethod -->
        <test-method signature="getUser()[pri:0, instance:springrest.api.controller.UserControllerTest@53f48368]" started-at="2018-10-26T06:55:32Z" name="getUser" finished-at="2018-10-26T06:55:32Z" duration-ms="14" status="PASS">
          <reporter-output>
          </reporter-output>
        </test-method> <!-- getUser -->
        <test-method is-config="true" signature="springTestContextAfterTestMethod(java.lang.reflect.Method)[pri:0, instance:springrest.api.controller.UserControllerTest@53f48368]" started-at="2018-10-26T06:55:32Z" name="springTestContextAfterTestMethod" finished-at="2018-10-26T06:55:32Z" duration-ms="2" status="PASS">
          <params>
            <param index="0">
              <value>
                <![CDATA[void springrest.api.controller.UserControllerTest.getUser() throws java.lang.Exception]]>
              </value>
            </param>
          </params>
          <reporter-output>
          </reporter-output>
        </test-method> <!-- springTestContextAfterTestMethod -->
        <test-method is-config="true" signature="springTestContextBeforeTestMethod(java.lang.reflect.Method)[pri:0, instance:springrest.api.controller.UserControllerTest@53f48368]" started-at="2018-10-26T06:55:32Z" name="springTestContextBeforeTestMethod" finished-at="2018-10-26T06:55:32Z" duration-ms="2" status="PASS">
          <params>
            <param index="0">
              <value>
                <![CDATA[void springrest.api.controller.UserControllerTest.getUsers() throws java.lang.Exception]]>
              </value>
            </param>
          </params>
          <reporter-output>
          </reporter-output>
        </test-method> <!-- springTestContextBeforeTestMethod -->
        <test-method signature="getUsers()[pri:0, instance:springrest.api.controller.UserControllerTest@53f48368]" started-at="2018-10-26T06:55:32Z" name="getUsers" finished-at="2018-10-26T06:55:32Z" duration-ms="32" status="PASS">
          <reporter-output>
          </reporter-output>
        </test-method> <!-- getUsers -->
        <test-method is-config="true" signature="springTestContextAfterTestMethod(java.lang.reflect.Method)[pri:0, instance:springrest.api.controller.UserControllerTest@53f48368]" started-at="2018-10-26T06:55:32Z" name="springTestContextAfterTestMethod" finished-at="2018-10-26T06:55:32Z" duration-ms="2" status="PASS">
          <params>
            <param index="0">
              <value>
                <![CDATA[void springrest.api.controller.UserControllerTest.getUsers() throws java.lang.Exception]]>
              </value>
            </param>
          </params>
          <reporter-output>
          </reporter-output>
        </test-method> <!-- springTestContextAfterTestMethod -->
        <test-method is-config="true" signature="springTestContextBeforeTestMethod(java.lang.reflect.Method)[pri:0, instance:springrest.api.controller.UserControllerTest@53f48368]" started-at="2018-10-26T06:55:32Z" name="springTestContextBeforeTestMethod" finished-at="2018-10-26T06:55:32Z" duration-ms="2" status="PASS">
          <params>
            <param index="0">
              <value>
                <![CDATA[void springrest.api.controller.UserControllerTest.getUsers2() throws java.lang.Exception]]>
              </value>
            </param>
          </params>
          <reporter-output>
          </reporter-output>
        </test-method> <!-- springTestContextBeforeTestMethod -->
        <test-method signature="getUsers2()[pri:0, instance:springrest.api.controller.UserControllerTest@53f48368]" started-at="2018-10-26T06:55:32Z" name="getUsers2" finished-at="2018-10-26T06:55:32Z" duration-ms="22" status="PASS">
          <reporter-output>
          </reporter-output>
        </test-method> <!-- getUsers2 -->
        <test-method is-config="true" signature="springTestContextAfterTestMethod(java.lang.reflect.Method)[pri:0, instance:springrest.api.controller.UserControllerTest@53f48368]" started-at="2018-10-26T06:55:32Z" name="springTestContextAfterTestMethod" finished-at="2018-10-26T06:55:32Z" duration-ms="2" status="PASS">
          <params>
            <param index="0">
              <value>
                <![CDATA[void springrest.api.controller.UserControllerTest.getUsers2() throws java.lang.Exception]]>
              </value>
            </param>
          </params>
          <reporter-output>
          </reporter-output>
        </test-method> <!-- springTestContextAfterTestMethod -->
        <test-method is-config="true" signature="springTestContextAfterTestClass()[pri:0, instance:springrest.api.controller.UserControllerTest@53f48368]" started-at="2018-10-26T06:55:32Z" name="springTestContextAfterTestClass" finished-at="2018-10-26T06:55:32Z" duration-ms="0" status="PASS">
          <reporter-output>
          </reporter-output>
        </test-method> <!-- springTestContextAfterTestClass -->
      </class> <!-- springrest.api.controller.UserControllerTest -->
    </test> <!-- Command line test -->
  </suite> <!-- Command line suite -->
</testng-results>
