<?xml version="1.0" encoding="UTF-8" ?>
<testsuite tests="19" failures="0" name="TestSuite" time="1.759" errors="0" skipped="0">
  <properties>
[...]
</properties>
  <testcase classname="springrest.api.controller.EventControllerTest" name="addAttendee" time="0.875"/>
  <testcase classname="springrest.api.controller.EventControllerTest" name="approveEvent" time="0.049"/>
  <testcase classname="springrest.api.controller.EventControllerTest" name="createEvent" time="0.081"/>
  <testcase classname="springrest.api.controller.EventControllerTest" name="getAttendees" time="0.031"/>
  <testcase classname="springrest.api.controller.EventControllerTest" name="getEvent" time="0.021"/>
  <testcase classname="springrest.api.controller.EventControllerTest" name="getEvents" time="0.422"/>
  <testcase classname="springrest.api.controller.EventControllerTest" name="getEvents2" time="0.058"/>
  <testcase classname="springrest.api.controller.EventControllerTest" name="rejectEvent" time="0.024"/>
  <testcase classname="springrest.api.controller.ProgramControllerTest" name="createProgram" time="0.014"/>
  <testcase classname="springrest.api.controller.ProgramControllerTest" name="deleteProgram" time="0.013"/>
  <testcase classname="springrest.api.controller.ProgramControllerTest" name="getProgram" time="0.01"/>
  <testcase classname="springrest.api.controller.ProgramControllerTest" name="getPrograms" time="0.014"/>
  <testcase classname="springrest.api.controller.ProgramControllerTest" name="getPrograms2" time="0.008"/>
  <testcase classname="springrest.api.controller.ProgramControllerTest" name="updateProgram" time="0.009"/>
  <testcase classname="springrest.api.controller.UserControllerTest" name="createUserFail" time="0.044"/>
  <testcase classname="springrest.api.controller.UserControllerTest" name="createUserPass" time="0.019"/>
  <testcase classname="springrest.api.controller.UserControllerTest" name="getUser" time="0.014"/>
  <testcase classname="springrest.api.controller.UserControllerTest" name="getUsers" time="0.032"/>
  <testcase classname="springrest.api.controller.UserControllerTest" name="getUsers2" time="0.021"/>
</testsuite>