<?xml version="1.0" encoding="UTF-8"?>
<!-- Generated by org.testng.reporters.JUnitXMLReporter -->
<testsuite ignored="0" hostname="Hallelujah" failures="0" tests="5" name="Command line test" time="13.321" errors="0" timestamp="25 10月 2018 07:54:17 GMT">
  <testcase classname="springrest.api.controller.UserControllerTest" name="addUserFail" time="0.691"/>
  <testcase classname="springrest.api.controller.UserControllerTest" name="addUserPass" time="0.804"/>
  <testcase classname="springrest.api.controller.UserControllerTest" name="getUser" time="0.323"/>
  <testcase classname="springrest.api.controller.UserControllerTest" name="getUsers" time="0.473"/>
  <testcase classname="springrest.api.controller.UserControllerTest" name="getUsers2" time="0.096"/>
</testsuite> <!-- Command line test -->
