<?xml version="1.0" encoding="UTF-8"?>
<!-- Generated by org.testng.reporters.JUnitReportReporter -->
<testsuite hostname="Hallelujah" failures="0" tests="8" name="springrest.api.controller.EventControllerTest" time="1.967" errors="0" timestamp="26 10月 2018 06:55:32 GMT" skipped="0">
  <testcase classname="springrest.api.controller.EventControllerTest" name="rejectEvent" time="0.035"/>
  <testcase classname="springrest.api.controller.EventControllerTest" name="approveEvent" time="0.072"/>
  <testcase classname="springrest.api.controller.EventControllerTest" name="getAttendees" time="0.040"/>
  <testcase classname="springrest.api.controller.EventControllerTest" name="getEvents2" time="0.122"/>
  <testcase classname="springrest.api.controller.EventControllerTest" name="addAttendee" time="1.139"/>
  <testcase classname="springrest.api.controller.EventControllerTest" name="getEvents" time="0.428"/>
  <testcase classname="springrest.api.controller.EventControllerTest" name="createEvent" time="0.099"/>
  <testcase classname="springrest.api.controller.EventControllerTest" name="getEvent" time="0.032"/>
</testsuite> <!-- springrest.api.controller.EventControllerTest -->
