<?xml version="1.0" encoding="UTF-8"?>
<!-- Generated by org.testng.reporters.JUnitReportReporter -->
<testsuite hostname="Hallelujah" failures="0" tests="6" name="springrest.api.controller.ProgramControllerTest" time="0.145" errors="0" timestamp="26 10月 2018 06:55:32 GMT" skipped="0">
  <testcase classname="springrest.api.controller.ProgramControllerTest" name="deleteProgram" time="0.020"/>
  <testcase classname="springrest.api.controller.ProgramControllerTest" name="getPrograms" time="0.036"/>
  <testcase classname="springrest.api.controller.ProgramControllerTest" name="createProgram" time="0.030"/>
  <testcase classname="springrest.api.controller.ProgramControllerTest" name="getPrograms2" time="0.028"/>
  <testcase classname="springrest.api.controller.ProgramControllerTest" name="updateProgram" time="0.016"/>
  <testcase classname="springrest.api.controller.ProgramControllerTest" name="getProgram" time="0.015"/>
</testsuite> <!-- springrest.api.controller.ProgramControllerTest -->
