<?xml version="1.0" encoding="UTF-8"?>
<!-- Generated by org.testng.reporters.JUnitReportReporter -->
<testsuite hostname="Hallelujah" failures="0" tests="5" name="springrest.api.controller.UserControllerTest" time="0.169" errors="0" timestamp="26 10月 2018 06:55:32 GMT" skipped="0">
  <testcase classname="springrest.api.controller.UserControllerTest" name="getUsers" time="0.036"/>
  <testcase classname="springrest.api.controller.UserControllerTest" name="getUsers2" time="0.037"/>
  <testcase classname="springrest.api.controller.UserControllerTest" name="createUserFail" time="0.052"/>
  <testcase classname="springrest.api.controller.UserControllerTest" name="getUser" time="0.018"/>
  <testcase classname="springrest.api.controller.UserControllerTest" name="createUserPass" time="0.026"/>
</testsuite> <!-- springrest.api.controller.UserControllerTest -->
